#
# There is insufficient memory for the Java Runtime Environment to continue.
# Native memory allocation (mmap) failed to map 130023424 bytes for G1 virtual space
# Possible reasons:
#   The system is out of physical RAM or swap space
#   The process is running with CompressedOops enabled, and the Java Heap may be blocking the growth of the native heap
# Possible solutions:
#   Reduce memory load on the system
#   Increase physical memory or swap space
#   Check if swap backing store is full
#   Decrease Java heap size (-Xmx/-Xms)
#   Decrease number of Java threads
#   Decrease Java thread stack sizes (-Xss)
#   Set larger code cache with -XX:ReservedCodeCacheSize=
#   JVM is running with Unscaled Compressed Oops mode in which the Java heap is
#     placed in the first 4GB address space. The Java Heap base address is the
#     maximum limit for the native heap growth. Please use -XX:HeapBaseMinAddress
#     to set the Java Heap base and to place the Java Heap above 4GB virtual address.
# This output file may be truncated or incomplete.
#
#  Out of Memory Error (os_windows.cpp:3530), pid=27464, tid=27516
#
# JRE version:  (18.0.2.1+1) (build )
# Java VM: Java HotSpot(TM) 64-Bit Server VM (18.0.2.1+1-1, mixed mode, sharing, tiered, compressed oops, compressed class ptrs, g1 gc, windows-amd64)
# No core dump will be written. Minidumps are not enabled by default on client versions of Windows
#

---------------  S U M M A R Y ------------

Command Line: -Dfile.encoding=UTF-8 -Dstdout.encoding=UTF-8 -Dstderr.encoding=UTF-8 --module-path=C:\Program Files\Java\jdk-18.0.2.1\mysql-connector-j-8.4.0\mysql-connector-j-8.4.0.jar -XX:+ShowCodeDetailsInExceptionMessages User

Host: 12th Gen Intel(R) Core(TM) i5-1235U, 12 cores, 7G,  Windows 11 , 64 bit Build 22621 (10.0.22621.3527)
Time: Fri Jun  7 03:49:15 2024 Central Daylight Time elapsed time: 0.024938 seconds (0d 0h 0m 0s)

---------------  T H R E A D  ---------------

Current thread (0x000001da6569ea90):  JavaThread "Unknown thread" [_thread_in_vm, id=27516, stack(0x0000007d2ed00000,0x0000007d2ee00000)]

Stack: [0x0000007d2ed00000,0x0000007d2ee00000]
Native frames: (J=compiled Java code, j=interpreted, Vv=VM code, C=native code)
V  [jvm.dll+0x6993aa]
V  [jvm.dll+0x7f46dd]
V  [jvm.dll+0x7f5fee]
V  [jvm.dll+0x7f66a3]
V  [jvm.dll+0x25cf1f]
V  [jvm.dll+0x6962f9]
V  [jvm.dll+0x68ae2a]
V  [jvm.dll+0x32255b]
V  [jvm.dll+0x329f36]
V  [jvm.dll+0x37eade]
V  [jvm.dll+0x37ed0f]
V  [jvm.dll+0x2fa2da]
V  [jvm.dll+0x2fb33d]
V  [jvm.dll+0x7c3310]
V  [jvm.dll+0x38be61]
V  [jvm.dll+0x7a2023]
V  [jvm.dll+0x40dc3f]
V  [jvm.dll+0x40f611]
C  [jli.dll+0x526b]
C  [ucrtbase.dll+0x29333]
C  [KERNEL32.DLL+0x1257d]
C  [ntdll.dll+0x5aa48]


---------------  P R O C E S S  ---------------

Threads class SMR info:
_java_thread_list=0x00007ff97c9be550, length=0, elements={
}

Java Threads: ( => current thread )

Other Threads:
  0x000001da657b2180 WorkerThread "GC Thread#0" [stack: 0x0000007d2ee00000,0x0000007d2ef00000] [id=27512]
  0x000001da657c2c10 ConcurrentGCThread "G1 Main Marker" [stack: 0x0000007d2ef00000,0x0000007d2f000000] [id=27532]
  0x000001da657c3500 WorkerThread "G1 Conc#0" [stack: 0x0000007d2f000000,0x0000007d2f100000] [id=27524]

[error occurred during error reporting (printing all threads), id 0xc0000005, EXCEPTION_ACCESS_VIOLATION (0xc0000005) at pc=0x00007ff97c1ea877]

VM state: not at safepoint (not fully initialized)

VM Mutex/Monitor currently owned by a thread:  ([mutex/lock_event])
[0x000001da6574c080] Heap_lock - owner thread: 0x000001da6569ea90

Heap address: 0x0000000085a00000, size: 1958 MB, Compressed Oops mode: 32-bit

CDS archive(s) mapped at: [0x0000000000000000-0x0000000000000000-0x0000000000000000), size 0, SharedBaseAddress: 0x0000000800000000, ArchiveRelocationMode: 0.
Narrow klass base: 0x0000000000000000, Narrow klass shift: 0, Narrow klass range: 0x0

GC Precious Log:
 CardTable entry size: 512
 Card Set container configuration: InlinePtr #cards 5 size 8 Array Of Cards #cards 12 size 40 Howl #buckets 4 coarsen threshold 1843 Howl Bitmap #cards 512 size 80 coarsen threshold 460 Card regions per heap region 1 cards per card region 2048

Heap:
 garbage-first heap   total 0K, used 0K [0x0000000085a00000, 0x0000000100000000)
  region size 1024K, 0 young (0K), 0 survivors (0K)

[error occurred during error reporting (printing heap information), id 0xc0000005, EXCEPTION_ACCESS_VIOLATION (0xc0000005) at pc=0x00007ff97c5d1839]

GC Heap History (0 events):
No events

Deoptimization events (0 events):
No events

Classes loaded (0 events):
No events

Classes unloaded (0 events):
No events

Classes redefined (0 events):
No events

Internal exceptions (0 events):
No events

VM Operations (0 events):
No events

Events (1 events):
Event: 0.017 Loaded shared library C:\Program Files\Java\jdk-18.0.2.1\bin\java.dll


Dynamic libraries:
0x00007ff6f4a50000 - 0x00007ff6f4a60000 	C:\Program Files\Java\jdk-18.0.2.1\bin\javaw.exe
0x00007ff9ef050000 - 0x00007ff9ef267000 	C:\windows\SYSTEM32\ntdll.dll
0x00007ff9ed6a0000 - 0x00007ff9ed764000 	C:\windows\System32\KERNEL32.DLL
0x00007ff9ec650000 - 0x00007ff9ec9f7000 	C:\windows\System32\KERNELBASE.dll
0x00007ff9ec530000 - 0x00007ff9ec641000 	C:\windows\System32\ucrtbase.dll
0x00007ff9e63c0000 - 0x00007ff9e63da000 	C:\Program Files\Java\jdk-18.0.2.1\bin\VCRUNTIME140.dll
0x00007ff9e6380000 - 0x00007ff9e6398000 	C:\Program Files\Java\jdk-18.0.2.1\bin\jli.dll
0x00007ff9ed3f0000 - 0x00007ff9ed4a2000 	C:\windows\System32\ADVAPI32.dll
0x00007ff9ed270000 - 0x00007ff9ed317000 	C:\windows\System32\msvcrt.dll
0x00007ff9ecfc0000 - 0x00007ff9ed068000 	C:\windows\System32\sechost.dll
0x00007ff9ecb20000 - 0x00007ff9ecb48000 	C:\windows\System32\bcrypt.dll
0x00007ff9ed4b0000 - 0x00007ff9ed5c5000 	C:\windows\System32\RPCRT4.dll
0x00007ff9ed940000 - 0x00007ff9edaee000 	C:\windows\System32\USER32.dll
0x00007ff9ec490000 - 0x00007ff9ec4b6000 	C:\windows\System32\win32u.dll
0x00007ff9c8610000 - 0x00007ff9c88a3000 	C:\windows\WinSxS\amd64_microsoft.windows.common-controls_6595b64144ccf1df_6.0.22621.3527_none_270e469b73872a76\COMCTL32.dll
0x00007ff9eefe0000 - 0x00007ff9ef009000 	C:\windows\System32\GDI32.dll
0x00007ff9ec370000 - 0x00007ff9ec489000 	C:\windows\System32\gdi32full.dll
0x00007ff9eca80000 - 0x00007ff9ecb1a000 	C:\windows\System32\msvcp_win.dll
0x00007ff9e3480000 - 0x00007ff9e348a000 	C:\windows\SYSTEM32\VERSION.dll
0x00007ff9eefa0000 - 0x00007ff9eefd1000 	C:\windows\System32\IMM32.DLL
0x00007ff9e8d80000 - 0x00007ff9e8d8c000 	C:\Program Files\Java\jdk-18.0.2.1\bin\vcruntime140_1.dll
0x00007ff9b9100000 - 0x00007ff9b918d000 	C:\Program Files\Java\jdk-18.0.2.1\bin\msvcp140.dll
0x00007ff97bee0000 - 0x00007ff97caf1000 	C:\Program Files\Java\jdk-18.0.2.1\bin\server\jvm.dll
0x00007ff9ed320000 - 0x00007ff9ed328000 	C:\windows\System32\PSAPI.DLL
0x00007ff9e6100000 - 0x00007ff9e6134000 	C:\windows\SYSTEM32\WINMM.dll
0x00007ff9c9860000 - 0x00007ff9c9869000 	C:\windows\SYSTEM32\WSOCK32.dll
0x00007ff9ed880000 - 0x00007ff9ed8f1000 	C:\windows\System32\WS2_32.dll
0x00007ff9eb2a0000 - 0x00007ff9eb2b8000 	C:\windows\SYSTEM32\kernel.appcore.dll
0x00007ff9e63b0000 - 0x00007ff9e63ba000 	C:\Program Files\Java\jdk-18.0.2.1\bin\jimage.dll
0x00007ff9e9660000 - 0x00007ff9e9892000 	C:\windows\SYSTEM32\DBGHELP.DLL
0x00007ff9edbf0000 - 0x00007ff9edf78000 	C:\windows\System32\combase.dll
0x00007ff9eeec0000 - 0x00007ff9eef97000 	C:\windows\System32\OLEAUT32.dll
0x00007ff9cb830000 - 0x00007ff9cb862000 	C:\windows\SYSTEM32\dbgcore.DLL
0x00007ff9eca00000 - 0x00007ff9eca79000 	C:\windows\System32\bcryptPrimitives.dll
0x00007ff9e60d0000 - 0x00007ff9e60f5000 	C:\Program Files\Java\jdk-18.0.2.1\bin\java.dll

dbghelp: loaded successfully - version: 4.0.5 - missing functions: none
symbol engine: initialized successfully - sym options: 0x614 - pdb path: .;C:\Program Files\Java\jdk-18.0.2.1\bin;C:\windows\SYSTEM32;C:\windows\WinSxS\amd64_microsoft.windows.common-controls_6595b64144ccf1df_6.0.22621.3527_none_270e469b73872a76;C:\Program Files\Java\jdk-18.0.2.1\bin\server

VM Arguments:
jvm_args: -Dfile.encoding=UTF-8 -Dstdout.encoding=UTF-8 -Dstderr.encoding=UTF-8 --module-path=C:\Program Files\Java\jdk-18.0.2.1\mysql-connector-j-8.4.0\mysql-connector-j-8.4.0.jar -XX:+ShowCodeDetailsInExceptionMessages 
java_command: User
java_class_path (initial): C:\Users\S538108\eclipse-workspace\Library_user\bin
Launcher Type: SUN_STANDARD

[Global flags]
     intx CICompilerCount                          = 4                                         {product} {ergonomic}
     uint ConcGCThreads                            = 3                                         {product} {ergonomic}
     uint G1ConcRefinementThreads                  = 10                                        {product} {ergonomic}
   size_t G1HeapRegionSize                         = 1048576                                   {product} {ergonomic}
    uintx GCDrainStackTargetSize                   = 64                                        {product} {ergonomic}
   size_t InitialHeapSize                          = 130023424                                 {product} {ergonomic}
   size_t MarkStackSize                            = 4194304                                   {product} {ergonomic}
   size_t MaxHeapSize                              = 2053111808                                {product} {ergonomic}
   size_t MinHeapDeltaBytes                        = 1048576                                   {product} {ergonomic}
   size_t MinHeapSize                              = 8388608                                   {product} {ergonomic}
    uintx NonNMethodCodeHeapSize                   = 5839372                                {pd product} {ergonomic}
    uintx NonProfiledCodeHeapSize                  = 122909434                              {pd product} {ergonomic}
    uintx ProfiledCodeHeapSize                     = 122909434                              {pd product} {ergonomic}
    uintx ReservedCodeCacheSize                    = 251658240                              {pd product} {ergonomic}
     bool SegmentedCodeCache                       = true                                      {product} {ergonomic}
     bool ShowCodeDetailsInExceptionMessages       = true                                   {manageable} {command line}
   size_t SoftMaxHeapSize                          = 2053111808                             {manageable} {ergonomic}
     bool UseCompressedClassPointers               = true                           {product lp64_product} {ergonomic}
     bool UseCompressedOops                        = true                           {product lp64_product} {ergonomic}
     bool UseG1GC                                  = true                                      {product} {ergonomic}
     bool UseLargePagesIndividualAllocation        = false                                  {pd product} {ergonomic}

Logging:
Log output configuration:
 #0: stdout all=warning uptime,level,tags foldmultilines=false
 #1: stderr all=off uptime,level,tags foldmultilines=false

Environment Variables:
JAVA_HOME=C:\Program Files\Java\jdk-18.0.2.1
CLASSPATH=C:\Program Files\Java\jdk-18.0.2.1\mysql-connector-j-8.4.0
PATH=C:\Program Files\Common Files\Oracle\Java\javapath;C:\Program Files (x86)\Common Files\Oracle\Java\java8path;C:\Program Files (x86)\Common Files\Oracle\Java\javapath;C:\Python312\Scripts\;C:\Python312\;C:\windows\system32;C:\windows;C:\windows\System32\Wbem;C:\windows\System32\WindowsPowerShell\v1.0\;C:\windows\System32\OpenSSH\;C:\Program Files\nodejs\;C:\ProgramData\chocolatey\bin;C:\Program Files (x86)\Windows Live\Shared;C:\Program Files\Java\jdk-18.0.2.1\bin\;C:\Program Files\MySQL\MySQL Shell 8.0\bin\;C:\Users\S538108\AppData\Local\Microsoft\WindowsApps;C:\Users\S538108\AppData\Local\Programs\Microsoft VS Code\bin;C:\Users\S538108\AppData\Roaming\npm;C:\Users\S538108\AppData\Local\GitHubDesktop\bin
USERNAME=S538108
OS=Windows_NT
PROCESSOR_IDENTIFIER=Intel64 Family 6 Model 154 Stepping 4, GenuineIntel



---------------  S Y S T E M  ---------------

OS:
 Windows 11 , 64 bit Build 22621 (10.0.22621.3527)
OS uptime: 2 days 7:37 hours

CPU: total 12 (initial active 12) (6 cores per cpu, 2 threads per core) family 6 model 154 stepping 4 microcode 0x432, cx8, cmov, fxsr, ht, mmx, 3dnowpref, sse, sse2, sse3, ssse3, sse4.1, sse4.2, popcnt, lzcnt, tsc, tscinvbit, avx, avx2, aes, erms, clmul, bmi1, bmi2, adx, sha, fma, vzeroupper, clflush, clflushopt, clwb, serialize

Memory: 4k page, system-wide physical 7824M (1298M free)
TotalPageFile size 31370M (AvailPageFile size 87M)
current process WorkingSet (physical memory assigned to process): 11M, peak: 11M
current process commit charge ("private bytes"): 64M, peak: 188M

vm_info: Java HotSpot(TM) 64-Bit Server VM (18.0.2.1+1-1) for windows-amd64 JRE (18.0.2.1+1-1), built on Aug 16 2022 01:46:33 by "mach5one" with MS VC++ 16.8 / 16.9 (VS2019)

END.
