#
# There is insufficient memory for the Java Runtime Environment to continue.
# Native memory allocation (mmap) failed to map 130023424 bytes for G1 virtual space
# Possible reasons:
#   The system is out of physical RAM or swap space
#   The process is running with CompressedOops enabled, and the Java Heap may be blocking the growth of the native heap
# Possible solutions:
#   Reduce memory load on the system
#   Increase physical memory or swap space
#   Check if swap backing store is full
#   Decrease Java heap size (-Xmx/-Xms)
#   Decrease number of Java threads
#   Decrease Java thread stack sizes (-Xss)
#   Set larger code cache with -XX:ReservedCodeCacheSize=
#   JVM is running with Unscaled Compressed Oops mode in which the Java heap is
#     placed in the first 4GB address space. The Java Heap base address is the
#     maximum limit for the native heap growth. Please use -XX:HeapBaseMinAddress
#     to set the Java Heap base and to place the Java Heap above 4GB virtual address.
# This output file may be truncated or incomplete.
#
#  Out of Memory Error (os_windows.cpp:3530), pid=23920, tid=26256
#
# JRE version:  (18.0.2.1+1) (build )
# Java VM: Java HotSpot(TM) 64-Bit Server VM (18.0.2.1+1-1, mixed mode, sharing, tiered, compressed oops, compressed class ptrs, g1 gc, windows-amd64)
# No core dump will be written. Minidumps are not enabled by default on client versions of Windows
#

---------------  S U M M A R Y ------------

Command Line: -Dfile.encoding=UTF-8 -Dstdout.encoding=UTF-8 -Dstderr.encoding=UTF-8 --module-path=C:\Program Files\Java\jdk-18.0.2.1\mysql-connector-j-8.4.0\mysql-connector-j-8.4.0.jar -XX:+ShowCodeDetailsInExceptionMessages User

Host: 12th Gen Intel(R) Core(TM) i5-1235U, 12 cores, 7G,  Windows 11 , 64 bit Build 22621 (10.0.22621.3374)
Time: Tue Jun  4 02:10:16 2024 Central Daylight Time elapsed time: 0.016037 seconds (0d 0h 0m 0s)

---------------  T H R E A D  ---------------

Current thread (0x0000021b99df2000):  JavaThread "Unknown thread" [_thread_in_vm, id=26256, stack(0x000000399d500000,0x000000399d600000)]

Stack: [0x000000399d500000,0x000000399d600000]
Native frames: (J=compiled Java code, j=interpreted, Vv=VM code, C=native code)
V  [jvm.dll+0x6993aa]
V  [jvm.dll+0x7f46dd]
V  [jvm.dll+0x7f5fee]
V  [jvm.dll+0x7f66a3]
V  [jvm.dll+0x25cf1f]
V  [jvm.dll+0x6962f9]
V  [jvm.dll+0x68ae2a]
V  [jvm.dll+0x32255b]
V  [jvm.dll+0x329f36]
V  [jvm.dll+0x37eade]
V  [jvm.dll+0x37ed0f]
V  [jvm.dll+0x2fa2da]
V  [jvm.dll+0x2fb33d]
V  [jvm.dll+0x7c3310]
V  [jvm.dll+0x38be61]
V  [jvm.dll+0x7a2023]
V  [jvm.dll+0x40dc3f]
V  [jvm.dll+0x40f611]
C  [jli.dll+0x526b]
C  [ucrtbase.dll+0x29333]
C  [KERNEL32.DLL+0x1257d]
C  [ntdll.dll+0x5aa48]


---------------  P R O C E S S  ---------------

Threads class SMR info:
_java_thread_list=0x00007ffac60be550, length=0, elements={
}

Java Threads: ( => current thread )

Other Threads:
  0x0000021b99e52ec0 WorkerThread "GC Thread#0" [stack: 0x000000399d600000,0x000000399d700000] [id=11228]
  0x0000021b99e632b0 ConcurrentGCThread "G1 Main Marker" [stack: 0x000000399d700000,0x000000399d800000] [id=26632]
  0x0000021b99e64e60 WorkerThread "G1 Conc#0" [stack: 0x000000399d800000,0x000000399d900000] [id=27560]

[error occurred during error reporting (printing all threads), id 0xc0000005, EXCEPTION_ACCESS_VIOLATION (0xc0000005) at pc=0x00007ffac58ea877]

VM state: not at safepoint (not fully initialized)

VM Mutex/Monitor currently owned by a thread:  ([mutex/lock_event])
[0x0000021b99deda40] Heap_lock - owner thread: 0x0000021b99df2000

Heap address: 0x0000000085a00000, size: 1958 MB, Compressed Oops mode: 32-bit

CDS archive(s) mapped at: [0x0000000000000000-0x0000000000000000-0x0000000000000000), size 0, SharedBaseAddress: 0x0000000800000000, ArchiveRelocationMode: 0.
Narrow klass base: 0x0000000000000000, Narrow klass shift: 0, Narrow klass range: 0x0

GC Precious Log:
 CardTable entry size: 512
 Card Set container configuration: InlinePtr #cards 5 size 8 Array Of Cards #cards 12 size 40 Howl #buckets 4 coarsen threshold 1843 Howl Bitmap #cards 512 size 80 coarsen threshold 460 Card regions per heap region 1 cards per card region 2048

Heap:
 garbage-first heap   total 0K, used 0K [0x0000000085a00000, 0x0000000100000000)
  region size 1024K, 0 young (0K), 0 survivors (0K)

[error occurred during error reporting (printing heap information), id 0xc0000005, EXCEPTION_ACCESS_VIOLATION (0xc0000005) at pc=0x00007ffac5cd1839]

GC Heap History (0 events):
No events

Deoptimization events (0 events):
No events

Classes loaded (0 events):
No events

Classes unloaded (0 events):
No events

Classes redefined (0 events):
No events

Internal exceptions (0 events):
No events

VM Operations (0 events):
No events

Events (1 events):
Event: 0.011 Loaded shared library C:\Program Files\Java\jdk-18.0.2.1\bin\java.dll


Dynamic libraries:
0x00007ff7effe0000 - 0x00007ff7efff0000 	C:\Program Files\Java\jdk-18.0.2.1\bin\javaw.exe
0x00007ffb61d90000 - 0x00007ffb61fa6000 	C:\windows\SYSTEM32\ntdll.dll
0x00007ffb61580000 - 0x00007ffb61644000 	C:\windows\System32\KERNEL32.DLL
0x00007ffb5f5f0000 - 0x00007ffb5f997000 	C:\windows\System32\KERNELBASE.dll
0x00007ffb5f350000 - 0x00007ffb5f461000 	C:\windows\System32\ucrtbase.dll
0x00007ffb5a780000 - 0x00007ffb5a79a000 	C:\Program Files\Java\jdk-18.0.2.1\bin\VCRUNTIME140.dll
0x00007ffb4cbf0000 - 0x00007ffb4cc08000 	C:\Program Files\Java\jdk-18.0.2.1\bin\jli.dll
0x00007ffb60580000 - 0x00007ffb60632000 	C:\windows\System32\ADVAPI32.dll
0x00007ffb616e0000 - 0x00007ffb61787000 	C:\windows\System32\msvcrt.dll
0x00007ffb608c0000 - 0x00007ffb60968000 	C:\windows\System32\sechost.dll
0x00007ffb5f590000 - 0x00007ffb5f5b8000 	C:\windows\System32\bcrypt.dll
0x00007ffb61b20000 - 0x00007ffb61c35000 	C:\windows\System32\RPCRT4.dll
0x00007ffb60dc0000 - 0x00007ffb60f6e000 	C:\windows\System32\USER32.dll
0x00007ffb5f5c0000 - 0x00007ffb5f5e6000 	C:\windows\System32\win32u.dll
0x00007ffb61c40000 - 0x00007ffb61c69000 	C:\windows\System32\GDI32.dll
0x00007ffb3d220000 - 0x00007ffb3d4b3000 	C:\windows\WinSxS\amd64_microsoft.windows.common-controls_6595b64144ccf1df_6.0.22621.3235_none_270f74e173860f98\COMCTL32.dll
0x00007ffb5f470000 - 0x00007ffb5f589000 	C:\windows\System32\gdi32full.dll
0x00007ffb5f9a0000 - 0x00007ffb5fa3a000 	C:\windows\System32\msvcp_win.dll
0x00007ffb54ce0000 - 0x00007ffb54cea000 	C:\windows\SYSTEM32\VERSION.dll
0x00007ffb614c0000 - 0x00007ffb614f1000 	C:\windows\System32\IMM32.DLL
0x00007ffb5a7e0000 - 0x00007ffb5a7ec000 	C:\Program Files\Java\jdk-18.0.2.1\bin\vcruntime140_1.dll
0x00007ffb4cb60000 - 0x00007ffb4cbed000 	C:\Program Files\Java\jdk-18.0.2.1\bin\msvcp140.dll
0x00007ffac55e0000 - 0x00007ffac61f1000 	C:\Program Files\Java\jdk-18.0.2.1\bin\server\jvm.dll
0x00007ffb60db0000 - 0x00007ffb60db8000 	C:\windows\System32\PSAPI.DLL
0x00007ffadb530000 - 0x00007ffadb539000 	C:\windows\SYSTEM32\WSOCK32.dll
0x00007ffb56d10000 - 0x00007ffb56d44000 	C:\windows\SYSTEM32\WINMM.dll
0x00007ffb61950000 - 0x00007ffb619c1000 	C:\windows\System32\WS2_32.dll
0x00007ffb5e000000 - 0x00007ffb5e018000 	C:\windows\SYSTEM32\kernel.appcore.dll
0x00007ffb5a770000 - 0x00007ffb5a77a000 	C:\Program Files\Java\jdk-18.0.2.1\bin\jimage.dll
0x00007ffb5c070000 - 0x00007ffb5c2a3000 	C:\windows\SYSTEM32\DBGHELP.DLL
0x00007ffb60a20000 - 0x00007ffb60da8000 	C:\windows\System32\combase.dll
0x00007ffb61c70000 - 0x00007ffb61d47000 	C:\windows\System32\OLEAUT32.dll
0x00007ffb3e1a0000 - 0x00007ffb3e1d2000 	C:\windows\SYSTEM32\dbgcore.DLL
0x00007ffb5fa40000 - 0x00007ffb5fab9000 	C:\windows\System32\bcryptPrimitives.dll
0x00007ffb4cb30000 - 0x00007ffb4cb55000 	C:\Program Files\Java\jdk-18.0.2.1\bin\java.dll

dbghelp: loaded successfully - version: 4.0.5 - missing functions: none
symbol engine: initialized successfully - sym options: 0x614 - pdb path: .;C:\Program Files\Java\jdk-18.0.2.1\bin;C:\windows\SYSTEM32;C:\windows\WinSxS\amd64_microsoft.windows.common-controls_6595b64144ccf1df_6.0.22621.3235_none_270f74e173860f98;C:\Program Files\Java\jdk-18.0.2.1\bin\server

VM Arguments:
jvm_args: -Dfile.encoding=UTF-8 -Dstdout.encoding=UTF-8 -Dstderr.encoding=UTF-8 --module-path=C:\Program Files\Java\jdk-18.0.2.1\mysql-connector-j-8.4.0\mysql-connector-j-8.4.0.jar -XX:+ShowCodeDetailsInExceptionMessages 
java_command: User
java_class_path (initial): C:\Users\S538108\eclipse-workspace\Library_user\bin
Launcher Type: SUN_STANDARD

[Global flags]
     intx CICompilerCount                          = 4                                         {product} {ergonomic}
     uint ConcGCThreads                            = 3                                         {product} {ergonomic}
     uint G1ConcRefinementThreads                  = 10                                        {product} {ergonomic}
   size_t G1HeapRegionSize                         = 1048576                                   {product} {ergonomic}
    uintx GCDrainStackTargetSize                   = 64                                        {product} {ergonomic}
   size_t InitialHeapSize                          = 130023424                                 {product} {ergonomic}
   size_t MarkStackSize                            = 4194304                                   {product} {ergonomic}
   size_t MaxHeapSize                              = 2053111808                                {product} {ergonomic}
   size_t MinHeapDeltaBytes                        = 1048576                                   {product} {ergonomic}
   size_t MinHeapSize                              = 8388608                                   {product} {ergonomic}
    uintx NonNMethodCodeHeapSize                   = 5839372                                {pd product} {ergonomic}
    uintx NonProfiledCodeHeapSize                  = 122909434                              {pd product} {ergonomic}
    uintx ProfiledCodeHeapSize                     = 122909434                              {pd product} {ergonomic}
    uintx ReservedCodeCacheSize                    = 251658240                              {pd product} {ergonomic}
     bool SegmentedCodeCache                       = true                                      {product} {ergonomic}
     bool ShowCodeDetailsInExceptionMessages       = true                                   {manageable} {command line}
   size_t SoftMaxHeapSize                          = 2053111808                             {manageable} {ergonomic}
     bool UseCompressedClassPointers               = true                           {product lp64_product} {ergonomic}
     bool UseCompressedOops                        = true                           {product lp64_product} {ergonomic}
     bool UseG1GC                                  = true                                      {product} {ergonomic}
     bool UseLargePagesIndividualAllocation        = false                                  {pd product} {ergonomic}

Logging:
Log output configuration:
 #0: stdout all=warning uptime,level,tags foldmultilines=false
 #1: stderr all=off uptime,level,tags foldmultilines=false

Environment Variables:
JAVA_HOME=C:\Program Files\Java\jdk-18.0.2.1
CLASSPATH=C:\Program Files\Java\jdk-18.0.2.1\mysql-connector-j-8.4.0
PATH=C:\Program Files\Common Files\Oracle\Java\javapath;C:\Program Files (x86)\Common Files\Oracle\Java\java8path;C:\Program Files (x86)\Common Files\Oracle\Java\javapath;C:\Python312\Scripts\;C:\Python312\;C:\windows\system32;C:\windows;C:\windows\System32\Wbem;C:\windows\System32\WindowsPowerShell\v1.0\;C:\windows\System32\OpenSSH\;C:\Program Files\nodejs\;C:\ProgramData\chocolatey\bin;C:\Program Files (x86)\Windows Live\Shared;C:\Program Files\Java\jdk-18.0.2.1\bin\;C:\Program Files\MySQL\MySQL Shell 8.0\bin\;C:\Users\S538108\AppData\Local\Microsoft\WindowsApps;C:\Users\S538108\AppData\Local\Programs\Microsoft VS Code\bin;C:\Users\S538108\AppData\Roaming\npm;C:\Users\S538108\AppData\Local\GitHubDesktop\bin
USERNAME=S538108
OS=Windows_NT
PROCESSOR_IDENTIFIER=Intel64 Family 6 Model 154 Stepping 4, GenuineIntel



---------------  S Y S T E M  ---------------

OS:
 Windows 11 , 64 bit Build 22621 (10.0.22621.3374)
OS uptime: 4 days 4:34 hours

CPU: total 12 (initial active 12) (12 cores per cpu, 1 threads per core) family 6 model 154 stepping 4 microcode 0x432, cx8, cmov, fxsr, mmx, 3dnowpref, sse, sse2, sse3, ssse3, sse4.1, sse4.2, popcnt, lzcnt, tsc, tscinvbit, avx, avx2, aes, erms, clmul, bmi1, bmi2, adx, sha, fma, vzeroupper, clflush, clflushopt, clwb, serialize

Memory: 4k page, system-wide physical 7824M (1119M free)
TotalPageFile size 31376M (AvailPageFile size 82M)
current process WorkingSet (physical memory assigned to process): 11M, peak: 11M
current process commit charge ("private bytes"): 64M, peak: 188M

vm_info: Java HotSpot(TM) 64-Bit Server VM (18.0.2.1+1-1) for windows-amd64 JRE (18.0.2.1+1-1), built on Aug 16 2022 01:46:33 by "mach5one" with MS VC++ 16.8 / 16.9 (VS2019)

END.
